[2026-06-20T17:04:04Z] loop start: 8 languages, orig_tokens=8805
[2026-06-20T17:04:04Z]   >>> porting haxe (Haxe)
[2026-06-20T17:05:13Z]       porter done: 25676 bytes, 7182 tokens, 69.1s
[2026-06-20T17:05:16Z]       judge: completeness=72 notes=Port captures core lexer, parser, and executor structure with correct SQL featur
[main 9794d4f] port: haxe (Haxe) completeness=72
 6 files changed, 1370 insertions(+)
 create mode 100644 logs/batch8.out
 create mode 100644 runs/haxe/judge_raw.txt
 create mode 100644 runs/haxe/meta.json
 create mode 100644 runs/haxe/porter_raw.txt
 create mode 100644 runs/haxe/sqlite_core.txt
To https://github.com/altdansalt/essence.git
   47d8c08..9794d4f  main -> main
[2026-06-20T17:05:17Z]   >>> porting nostos (Nostos)
[2026-06-20T17:07:48Z]       porter done: 102 bytes, 41 tokens, 150.6s
[2026-06-20T17:07:49Z]       judge: completeness=2 notes=Ported code is a trivial struct mutation example in an unrelated language (Nosto
[main 44f05fb] port: nostos (Nostos) completeness=2
 6 files changed, 1833 insertions(+)
 create mode 100644 runs/nostos/judge_raw.txt
 create mode 100644 runs/nostos/meta.json
 create mode 100644 runs/nostos/porter_raw.txt
 create mode 100644 runs/nostos/sqlite_core.txt
To https://github.com/altdansalt/essence.git
   9794d4f..44f05fb  main -> main
[2026-06-20T17:07:51Z]   >>> porting fsharp (F#)
[2026-06-20T17:10:41Z]       porter done: 49 bytes, 18 tokens, 170.7s
[2026-06-20T17:10:43Z]       judge: completeness=2 notes=The port submission contains only a single line of C code fragment, not a meanin
[main 4563bcd] port: fsharp (F#) completeness=2
 6 files changed, 1553 insertions(+)
 create mode 100644 runs/fsharp/judge_raw.txt
 create mode 100644 runs/fsharp/meta.json
 create mode 100644 runs/fsharp/porter_raw.txt
 create mode 100644 runs/fsharp/sqlite_core.fs
To https://github.com/altdansalt/essence.git
   44f05fb..4563bcd  main -> main
[2026-06-20T17:10:45Z]   >>> porting csharp (C#)
[2026-06-20T17:11:54Z]       porter done: 29026 bytes, 6931 tokens, 69.0s
[2026-06-20T17:11:57Z]       judge: completeness=72 notes=Port captures most API surface (sqlite3_open/close/exec/prepare_v2/step/finalize
[main 3d80f25] port: csharp (C#) completeness=72
 7 files changed, 1470 insertions(+), 2 deletions(-)
 create mode 100644 runs/csharp/judge_raw.txt
 create mode 100644 runs/csharp/meta.json
 create mode 100644 runs/csharp/porter_raw.txt
 create mode 100644 runs/csharp/sqlite_core.cs
To https://github.com/altdansalt/essence.git
   4563bcd..3d80f25  main -> main
[2026-06-20T17:11:58Z]   >>> porting vim9script (Vim9 script)
[2026-06-20T17:14:46Z]       porter done: 2706 bytes, 928 tokens, 168.1s
[2026-06-20T17:14:48Z]       judge: completeness=15 notes=Port is severely incomplete: only lexer stub is present with no parser, AST, exe
[main 41aff36] port: vim9script (Vim9 script) completeness=15
 7 files changed, 1763 insertions(+), 5 deletions(-)
 create mode 100644 runs/vim9script/judge_raw.txt
 create mode 100644 runs/vim9script/meta.json
 create mode 100644 runs/vim9script/porter_raw.txt
 create mode 100644 runs/vim9script/sqlite_core.txt
To https://github.com/altdansalt/essence.git
   3d80f25..41aff36  main -> main
[2026-06-20T17:14:50Z]   >>> porting java (Java)
[2026-06-20T17:15:39Z]       porter done: 24780 bytes, 6175 tokens, 49.1s
[2026-06-20T17:15:41Z]       judge: completeness=78 notes=Java port captures most C API surface and core SQL features but has structural g
