[2026-06-20T17:43:02Z] loop start: 1 languages, orig_tokens=8805
[2026-06-20T17:43:02Z]   >>> porting swift (Swift)
[2026-06-20T17:44:02Z]       porter done: 20537 bytes, 5578 tokens, 60.4s
[2026-06-20T17:44:05Z]       judge: completeness=72 notes=Swift port successfully translates core lexer, parser, and executor logic with g
[main 41c8ee0] port: swift (Swift) completeness=72
 7 files changed, 1313 insertions(+)
 create mode 100644 runs/swift/judge_raw.txt
 create mode 100644 runs/swift/meta.json
 create mode 100644 runs/swift/porter_raw.txt
 create mode 100644 runs/swift/sqlite_core.swift
To https://github.com/altdansalt/essence.git
 ! [remote rejected] main -> main (cannot lock ref 'refs/heads/main': is at cc93892ad8af244ac88a4111d44ba259d8a8a759 but expected 5c0a3e3903e5bfd4e531c76334c25bdb30158a74)
error: failed to push some refs to 'https://github.com/altdansalt/essence.git'
[2026-06-20T17:44:06Z]       ERROR on swift: Command '['git', 'push']' returned non-zero exit status 1.
[2026-06-20T17:44:06Z] Traceback (most recent call last):
  File "/home/exedev/essence/tools/loop.py", line 263, in main
    commit_push(f"port: {slug} ({lang['name']}) completeness={comp}", not args.no_push)
  File "/home/exedev/essence/tools/loop.py", line 211, in commit_push
    git("push")
  File "/home/exedev/essence/tools/loop.py", line 201, in git
    return subprocess.run(["git", *args], cwd=ROOT, check=check).returncode
           ^^^^^^^^^^^^^^^^^^^^^^^^^^^^^^^^^^^^^^^^^^^^^^^^^^^^^
  File "/usr/lib/python3.12/subprocess.py", line 571, in run
    raise CalledProcessError(retcode, process.args,
subprocess.CalledProcessError: Command '['git', 'push']' returned non-zero exit status 1.

[main ebb4ef4] port: swift failed: Command '['git', 'push']' returned non-zero exit status 1.
 4 files changed, 43 insertions(+)
 create mode 100644 runs/swift/ERROR.txt
To https://github.com/altdansalt/essence.git
 ! [remote rejected] main -> main (cannot lock ref 'refs/heads/main': is at 0b17a5cd5fcb7c158373ed02449648bb19f65799 but expected cc93892ad8af244ac88a4111d44ba259d8a8a759)
error: failed to push some refs to 'https://github.com/altdansalt/essence.git'
Traceback (most recent call last):
  File "/home/exedev/essence/tools/loop.py", line 263, in main
    commit_push(f"port: {slug} ({lang['name']}) completeness={comp}", not args.no_push)
  File "/home/exedev/essence/tools/loop.py", line 211, in commit_push
    git("push")
  File "/home/exedev/essence/tools/loop.py", line 201, in git
    return subprocess.run(["git", *args], cwd=ROOT, check=check).returncode
           ^^^^^^^^^^^^^^^^^^^^^^^^^^^^^^^^^^^^^^^^^^^^^^^^^^^^^
  File "/usr/lib/python3.12/subprocess.py", line 571, in run
    raise CalledProcessError(retcode, process.args,
subprocess.CalledProcessError: Command '['git', 'push']' returned non-zero exit status 1.

During handling of the above exception, another exception occurred:

Traceback (most recent call last):
  File "/home/exedev/essence/tools/loop.py", line 316, in <module>
    raise SystemExit(main(sys.argv[1:]))
                     ^^^^^^^^^^^^^^^^^^
  File "/home/exedev/essence/tools/loop.py", line 270, in main
    commit_push(f"port: {slug} failed: {e}", not args.no_push)
  File "/home/exedev/essence/tools/loop.py", line 211, in commit_push
    git("push")
  File "/home/exedev/essence/tools/loop.py", line 201, in git
    return subprocess.run(["git", *args], cwd=ROOT, check=check).returncode
           ^^^^^^^^^^^^^^^^^^^^^^^^^^^^^^^^^^^^^^^^^^^^^^^^^^^^^
  File "/usr/lib/python3.12/subprocess.py", line 571, in run
    raise CalledProcessError(retcode, process.args,
subprocess.CalledProcessError: Command '['git', 'push']' returned non-zero exit status 1.
