[2026-06-20T16:45:04Z] loop start: 1 languages, orig_tokens=8805
[2026-06-20T16:45:04Z]   >>> porting python (Python)
[2026-06-20T16:46:17Z]       porter done: 400 bytes, 121 tokens, 72.8s
[2026-06-20T16:46:19Z]       judge: completeness=35 notes=Python port provides only class/method stubs without implementation. No lexer, p
[2026-06-20T16:46:19Z] loop done: 1 runs
[2026-06-20T16:46:54Z] loop start: 1 languages, orig_tokens=8805
[2026-06-20T16:46:54Z]   >>> porting python (Python)
[2026-06-20T16:50:34Z]       porter done: 100 bytes, 39 tokens, 219.2s
[2026-06-20T16:50:36Z]       judge: completeness=8 notes=Port snippet shows only a parser loop fragment with no actual Python implementat
[2026-06-20T16:50:36Z] loop done: 1 runs
[2026-06-20T17:00:50Z] loop start: 1 languages, orig_tokens=8805
[2026-06-20T17:00:50Z]   >>> porting python (Python)
[2026-06-20T17:02:30Z]       porter done: 20003 bytes, 5200 tokens, 100.4s
[2026-06-20T17:02:32Z]       judge: completeness=42 notes=Python port is incomplete: the Sqlite3Stmt._collect_matching method is truncated
[2026-06-20T17:02:33Z] loop done: 1 runs
[2026-06-20T17:04:04Z] loop start: 8 languages, orig_tokens=8805
[2026-06-20T17:04:04Z]   >>> porting haxe (Haxe)
[2026-06-20T17:05:13Z]       porter done: 25676 bytes, 7182 tokens, 69.1s
[2026-06-20T17:05:16Z]       judge: completeness=72 notes=Port captures core lexer, parser, and executor structure with correct SQL featur
[2026-06-20T17:05:17Z]   >>> porting nostos (Nostos)
[2026-06-20T17:07:48Z]       porter done: 102 bytes, 41 tokens, 150.6s
[2026-06-20T17:07:49Z]       judge: completeness=2 notes=Ported code is a trivial struct mutation example in an unrelated language (Nosto
[2026-06-20T17:07:51Z]   >>> porting fsharp (F#)
[2026-06-20T17:10:41Z]       porter done: 49 bytes, 18 tokens, 170.7s
[2026-06-20T17:10:43Z]       judge: completeness=2 notes=The port submission contains only a single line of C code fragment, not a meanin
[2026-06-20T17:10:45Z]   >>> porting csharp (C#)
[2026-06-20T17:11:54Z]       porter done: 29026 bytes, 6931 tokens, 69.0s
[2026-06-20T17:11:57Z]       judge: completeness=72 notes=Port captures most API surface (sqlite3_open/close/exec/prepare_v2/step/finalize
[2026-06-20T17:11:58Z]   >>> porting vim9script (Vim9 script)
[2026-06-20T17:14:46Z]       porter done: 2706 bytes, 928 tokens, 168.1s
[2026-06-20T17:14:48Z]       judge: completeness=15 notes=Port is severely incomplete: only lexer stub is present with no parser, AST, exe
