[2026-06-20T17:24:29Z] loop start: 1 languages, orig_tokens=8805
[2026-06-20T17:24:29Z]   >>> porting fsharp (F#)
[2026-06-20T17:25:43Z]       porter done: 22758 bytes, 6037 tokens, 73.6s
[2026-06-20T17:25:45Z]       judge: completeness=72 notes=The F# port captures the core lexer, parser, AST structure, and basic execution 
[2026-06-20T17:25:45Z]       ERROR on fsharp: name 'finish' is not defined
[2026-06-20T17:25:45Z] Traceback (most recent call last):
  File "/home/exedev/essence/tools/loop.py", line 258, in main
    record_run(lang, code, port_tokens, orig_tokens,
  File "/home/exedev/essence/tools/loop.py", line 166, in record_run
    "porter_finish_reason": finish,
                            ^^^^^^
NameError: name 'finish' is not defined

[main f6dd57b] port: fsharp failed: name 'finish' is not defined
 7 files changed, 618 insertions(+)
 create mode 100644 logs/rerun_fsharp.out
 create mode 100644 logs/rerun_nostos.out
 create mode 100644 logs/rerun_odin.out
 create mode 100644 logs/rerun_vim9.out
 create mode 100644 runs/fsharp/ERROR.txt
 create mode 100644 runs/fsharp/sqlite_core.fs
To https://github.com/altdansalt/essence.git
   ef95d33..f6dd57b  main -> main
[2026-06-20T17:25:46Z] loop done: 0 runs
[main 5c61a5d] update leaderboard (LANGUAGES.md)
 3 files changed, 12 insertions(+), 4 deletions(-)
To https://github.com/altdansalt/essence.git
   f6dd57b..5c61a5d  main -> main
