[2026-06-20T17:24:32Z] loop start: 1 languages, orig_tokens=8805
[2026-06-20T17:24:32Z]   >>> porting nostos (Nostos)
[2026-06-20T17:25:54Z]       porter done: 26171 bytes, 6961 tokens, 82.1s
[2026-06-20T17:25:56Z]       judge: completeness=75 notes=Port covers all major API functions and SQL features with functional equivalence
[2026-06-20T17:25:56Z]       ERROR on nostos: name 'finish' is not defined
[2026-06-20T17:25:56Z] Traceback (most recent call last):
  File "/home/exedev/essence/tools/loop.py", line 258, in main
    record_run(lang, code, port_tokens, orig_tokens,
  File "/home/exedev/essence/tools/loop.py", line 166, in record_run
    "porter_finish_reason": finish,
                            ^^^^^^
NameError: name 'finish' is not defined

[main d416948] port: nostos failed: name 'finish' is not defined
 6 files changed, 838 insertions(+)
 create mode 100644 runs/nostos/ERROR.txt
 create mode 100644 runs/nostos/sqlite_core.txt
To https://github.com/altdansalt/essence.git
   5c61a5d..d416948  main -> main
[2026-06-20T17:25:57Z] loop done: 0 runs
[main 4a94bf3] update leaderboard (LANGUAGES.md)
 3 files changed, 8 insertions(+)
To https://github.com/altdansalt/essence.git
   d416948..4a94bf3  main -> main
