[2026-06-20T17:24:32Z] loop start: 1 languages, orig_tokens=8805
[2026-06-20T17:24:32Z]   >>> porting vim9script (Vim9 script)
[2026-06-20T17:30:10Z]       porter length-capped (16000 tok); retry high effort
[2026-06-20T17:33:00Z]       porter done: 189 bytes, 58 tokens, 508.0s
[2026-06-20T17:33:02Z]       judge: completeness=5 notes=The port is a bare skeleton with only a class declaration and one method stub. I
[2026-06-20T17:33:02Z]       ERROR on vim9script: name 'finish' is not defined
[2026-06-20T17:33:02Z] Traceback (most recent call last):
  File "/home/exedev/essence/tools/loop.py", line 258, in main
    log(f"      judge: completeness={comp} notes={score.get('notes','')[:80]}")
  File "/home/exedev/essence/tools/loop.py", line 166, in record_run
    "elapsed_seconds": round(elapsed, 1),
                            ^^^^^^
NameError: name 'finish' is not defined

[main b230d5d] port: vim9script failed: name 'finish' is not defined
 7 files changed, 76 insertions(+), 2 deletions(-)
 create mode 100644 runs/vim9script/ERROR.txt
 create mode 100644 runs/vim9script/sqlite_core.txt
To https://github.com/altdansalt/essence.git
   4a94bf3..b230d5d  main -> main
[2026-06-20T17:33:03Z] loop done: 0 runs
